<?xml version="1.0" encoding="UTF-8"?>
<!-- Generated by org.testng.reporters.JUnitReportReporter -->
<testsuite hostname="DESKTOP-8C0LO3K" failures="0" tests="1" name="com.supermarket.test.ManageExpenseCategoryTest" time="2.753" errors="0" timestamp="2024-05-06T13:14:09 IST" skipped="0">
  <testcase classname="com.supermarket.test.ManageExpenseCategoryTest" name="manaageExpenseCategory" time="2.753"/>
</testsuite> <!-- com.supermarket.test.ManageExpenseCategoryTest -->
