<?xml version="1.0" encoding="UTF-8"?>
<!-- Generated by org.testng.reporters.JUnitReportReporter -->
<testsuite hostname="DESKTOP-8C0LO3K" failures="0" tests="1" name="com.supermarket.test.ManageExpenseTestCase" time="3.054" errors="0" timestamp="2024-05-07T12:54:09 IST" skipped="0">
  <testcase classname="com.supermarket.test.ManageExpenseTestCase" name="userIsableToCreateExpense" time="3.054"/>
</testsuite> <!-- com.supermarket.test.ManageExpenseTestCase -->
