<?xml version="1.0" encoding="UTF-8"?>
<!-- Generated by org.testng.reporters.JUnitReportReporter -->
<testsuite hostname="DESKTOP-8C0LO3K" failures="0" tests="2" name="com.supermarket.test.CreateFDeliveryBoyTest" time="9.201" errors="0" timestamp="2024-05-09T13:26:40 IST" skipped="0">
  <testcase classname="com.supermarket.test.CreateFDeliveryBoyTest" name="verifyUserIsAbleToCreateMultipleDeliveryBoys" time="4.830"/>
  <testcase classname="com.supermarket.test.CreateFDeliveryBoyTest" name="verifyUserIsAbleToCreateMultipleDeliveryBoys" time="4.371"/>
</testsuite> <!-- com.supermarket.test.CreateFDeliveryBoyTest -->
